1                                                          The SAS System                          09:37 Thursday, November 29, 2018

NOTE: Copyright (c) 2002-2010 by SAS Institute Inc., Cary, NC, USA. 
NOTE: SAS (r) Proprietary Software 9.3 (TS1M1) 
      Licensed to UNIVERSITY OF MICHIGAN - T&R - SFA, Site 70080438.
NOTE: This session is executing on the Linux 2.6.32-754.3.5.el6.x86_64 (LIN X64) platform.



NOTE: Updated analytical products:

SAS/STAT 9.3_M1, SAS/ETS 9.3_M1, SAS/OR 9.3_M1

You are running SAS 9. Some SAS 8 files will be automatically converted 
by the V9 engine; others are incompatible.  Please see 
http://support.sas.com/rnd/migration/planning/platform/64bit.html

PROC MIGRATE will preserve current SAS file attributes and is 
recommended for converting all your SAS libraries from any 
SAS 8 release to SAS 9.  For details and examples, please see
http://support.sas.com/rnd/migration/index.html


This message is contained in the SAS news file, and is presented upon
initialization.  Edit the file "news" in the "misc/base" directory to
display site-specific news and information in the program log.
The command line option "-nonews" will prevent this display.




NOTE: SAS initialization used:
      real time           0.03 seconds
      cpu time            0.01 seconds
      
1          /* Professor Shedden's Example of using PROC SQL.
2           *
3           * This script finds all single family homes with
4           * "heating degree days" above 2000.
5           *
6           * Date: Nov 15, 2017
7           */
8          libname mydata './data';
NOTE: Libref MYDATA was successfully assigned as follows: 
      Engine:        V9 
      Physical Name: /afs/umich.edu/user/j/b/jbhender/Stats506_F18/Examples/SAS/data
9          
10         proc sql;
11         
12             create table recs as
13                 select doeid, reportable_domain, mean(hdd65) as mean_hdd65, cufeetng
14                 from mydata.recs2009_public_v4
15                 where typehuq = 2
16                 group by reportable_domain
17                 having mean(hdd65) ge 2000;
NOTE: The query requires remerging summary statistics back with the original data.
NOTE: Table WORK.RECS created, with 5453 rows and 4 columns.

18         
19         quit;
2                                                          The SAS System                          09:37 Thursday, November 29, 2018

NOTE: PROCEDURE SQL used (Total process time):
      real time           0.02 seconds
      cpu time            0.02 seconds
      

20         
21         proc print data=recs;
22         
23         run;

NOTE: There were 5453 observations read from the data set WORK.RECS.
NOTE: The PROCEDURE PRINT printed pages 1-100.
NOTE: PROCEDURE PRINT used (Total process time):
      real time           0.02 seconds
      cpu time            0.02 seconds
      

24         
25         /* Question: How would you modify this script to
26            return only a single row per reportable_domain ?
27          */

NOTE: SAS Institute Inc., SAS Campus Drive, Cary, NC USA 27513-2414
NOTE: The SAS System used:
      real time           0.09 seconds
      cpu time            0.06 seconds
      
