                                                           The SAS System                         18:27 Sunday, December 2, 2018   1

                                                                                               percent_
                            Obs    state                                                         wood

                              1    North Carolina, South Carolina                                14.7  
                              2    California                                                    11.0  
                              3    Nevada, New Mexico                                            10.9  
                              4    Colorado                                                      10.6  
                              5    Idaho, Montana, Utah, Wyoming                                  9.8  
                              6    Texas                                                          9.3  
                              7    Florida                                                        8.1  
                              8    Alaska, Hawaii, Oregon, Washington                             7.5  
                              9    Indiana, Ohio                                                  6.8  
                             10    Delaware, District of Columbia, Maryland, West Virginia        6.8  
                             11    Pennsylvania                                                   6.7  
                             12    Georgia                                                        6.6  
                             13    Arizona                                                        6.1  
                             14    Massachusetts                                                  6.1  
                             15    New York                                                       5.9  
                             16    Missouri                                                       5.7  
                             17    Kansas, Nebraska                                               5.2  
                             18    Connecticut, Maine, New Hampshire, Rhode Island, Vermont       4.8  
                             19    Iowa, Minnesota, North Dakota, South Dakota                    4.6  
                             20    Illinois                                                       4.3  
                             21    Virginia                                                       3.8  
                             22    Wisconsin                                                      3.8  
                             23    Arkansas, Louisiana, Oklahoma                                  3.5  
                             24    Alabama, Kentucky, Mississippi                                 3.4  
                             25    Michigan                                                       3.4  
                             26    New Jersey                                                     2.9  
                             27    Tennessee                                                      1.8  
